2014/01/16 22:16:42 [error] [exception.CException] exception 'CException' with message 'CAssetManager.basePath "C:\Apache24\htdocs\yii\training\assets" is invalid. Please make sure the directory exists and is writable by the Web server process.' in C:\Apache24\htdocs\yii\framework\web\CAssetManager.php:138
Stack trace:
#0 C:\Apache24\htdocs\yii\framework\web\CAssetManager.php(123): CAssetManager->setBasePath('C:\Apache24\htd...')
#1 C:\Apache24\htdocs\yii\framework\web\CAssetManager.php(217): CAssetManager->getBasePath()
#2 C:\Apache24\htdocs\yii\framework\web\CClientScript.php(510): CAssetManager->publish('C:\Apache24\htd...')
#3 C:\Apache24\htdocs\yii\framework\web\CClientScript.php(547): CClientScript->getCoreScriptUrl()
#4 C:\Apache24\htdocs\yii\framework\web\CClientScript.php(348): CClientScript->getPackageBaseUrl('jquery')
#5 C:\Apache24\htdocs\yii\framework\web\CClientScript.php(208): CClientScript->renderCoreScripts()
#6 C:\Apache24\htdocs\yii\framework\web\CController.php(351): CClientScript->render('<!DOCTYPE html ...')
#7 C:\Apache24\htdocs\yii\framework\web\CController.php(788): CController->processOutput('<!DOCTYPE html ...')
#8 C:\Apache24\htdocs\yii\training\protected\controllers\SiteController.php(72): CController->render('contact', Array)
#9 C:\Apache24\htdocs\yii\framework\web\actions\CInlineAction.php(49): SiteController->actionContact()
#10 C:\Apache24\htdocs\yii\framework\web\CController.php(308): CInlineAction->runWithParams(Array)
#11 C:\Apache24\htdocs\yii\framework\web\CController.php(286): CController->runAction(Object(CInlineAction))
#12 C:\Apache24\htdocs\yii\framework\web\CController.php(265): CController->runActionWithFilters(Object(CInlineAction), Array)
#13 C:\Apache24\htdocs\yii\framework\web\CWebApplication.php(282): CController->run('contact')
#14 C:\Apache24\htdocs\yii\framework\web\CWebApplication.php(141): CWebApplication->runController('site/contact')
#15 C:\Apache24\htdocs\yii\framework\base\CApplication.php(180): CWebApplication->processRequest()
#16 C:\Apache24\htdocs\yii\training\index.php(13): CApplication->run()
#17 {main}
REQUEST_URI=/index.php?r=site/contact
HTTP_REFERER=http://training/index.php?r=site/page&view=about
---
